<?xml version="1.0" encoding="UTF-8"?>
<testsuite xmlns:xsi="http://www.w3.org/2001/XMLSchema-instance" xsi:noNamespaceSchemaLocation="https://maven.apache.org/surefire/maven-surefire-plugin/xsd/surefire-test-report.xsd" name="com.example.springboot2.Junit5Test" time="0.057" tests="4" errors="0" skipped="0" failures="2">
  <properties>
[...]
</properties>
  <testcase name="timeOut" classname="com.example.springboot2.Junit5Test" time="0.023"/>
  <testcase name="wll" classname="com.example.springboot2.Junit5Test" time="0.021">
    <failure message="断言测试 (1 failure)&#10;	org.opentest4j.AssertionFailedError: 字符串不相等 ==&gt; expected: &lt;123&gt; but was: &lt;13&gt;" type="org.opentest4j.MultipleFailuresError"><![CDATA[org.opentest4j.MultipleFailuresError: 
断言测试 (1 failure)
	org.opentest4j.AssertionFailedError: 字符串不相等 ==> expected: <123> but was: <13>
	at com.example.springboot2.Junit5Test.wll(Junit5Test.java:20)
]]></failure>
  </testcase>
  <testcase name="test2" classname="com.example.springboot2.Junit5Test" time="0.001">
    <failure message="业务逻辑计算失败 ==&gt; expected: &lt;4&gt; but was: &lt;5&gt;" type="org.opentest4j.AssertionFailedError"><![CDATA[org.opentest4j.AssertionFailedError: 业务逻辑计算失败 ==> expected: <4> but was: <5>
	at com.example.springboot2.Junit5Test.test2(Junit5Test.java:29)
]]></failure>
  </testcase>
  <testcase name="junittest" classname="com.example.springboot2.Junit5Test" time="0.002"/>
</testsuite>